<?xml version="1.0" encoding="UTF-8"?>
<testng-results skipped="0" failed="0" ignored="0" total="5" passed="5">
  <reporter-output>
  </reporter-output>
  <suite name="restApiTest.APITest" duration-ms="7629" started-at="2020-08-09T22:16:51 IST" finished-at="2020-08-09T22:16:59 IST">
    <groups>
    </groups>
    <test name="Command line test" duration-ms="7629" started-at="2020-08-09T22:16:51 IST" finished-at="2020-08-09T22:16:59 IST">
      <class name="restApiTest.APITest">
        <test-method status="PASS" signature="deleteUser()[pri:0, instance:restApiTest.APITest@8bd1b6a]" name="deleteUser" duration-ms="2105" started-at="2020-08-09T22:16:51 IST" finished-at="2020-08-09T22:16:54 IST">
          <reporter-output>
          </reporter-output>
        </test-method> <!-- deleteUser -->
        <test-method status="PASS" signature="getRequestWithAuthorization()[pri:0, instance:restApiTest.APITest@8bd1b6a]" name="getRequestWithAuthorization" duration-ms="2067" started-at="2020-08-09T22:16:54 IST" finished-at="2020-08-09T22:16:56 IST">
          <reporter-output>
          </reporter-output>
        </test-method> <!-- getRequestWithAuthorization -->
        <test-method status="PASS" signature="validateCreateUser()[pri:0, instance:restApiTest.APITest@8bd1b6a]" name="validateCreateUser" duration-ms="1134" started-at="2020-08-09T22:16:56 IST" finished-at="2020-08-09T22:16:57 IST">
          <reporter-output>
          </reporter-output>
        </test-method> <!-- validateCreateUser -->
        <test-method status="PASS" signature="validateGetusersList()[pri:0, instance:restApiTest.APITest@8bd1b6a]" name="validateGetusersList" duration-ms="1351" started-at="2020-08-09T22:16:57 IST" finished-at="2020-08-09T22:16:58 IST">
          <reporter-output>
          </reporter-output>
        </test-method> <!-- validateGetusersList -->
        <test-method status="PASS" signature="validateUpdateUser()[pri:0, instance:restApiTest.APITest@8bd1b6a]" name="validateUpdateUser" duration-ms="944" started-at="2020-08-09T22:16:58 IST" finished-at="2020-08-09T22:16:59 IST">
          <reporter-output>
          </reporter-output>
        </test-method> <!-- validateUpdateUser -->
      </class> <!-- restApiTest.APITest -->
    </test> <!-- Command line test -->
  </suite> <!-- restApiTest.APITest -->
</testng-results>
