<?xml version="1.0" encoding="UTF-8"?>
<testng-results skipped="0" failed="0" ignored="0" total="1" passed="1">
  <reporter-output>
  </reporter-output>
  <suite name="Default suite" duration-ms="2302" started-at="2020-08-09T16:08:42 IST" finished-at="2020-08-09T16:08:44 IST">
    <groups>
    </groups>
    <test name="Default test" duration-ms="2302" started-at="2020-08-09T16:08:42 IST" finished-at="2020-08-09T16:08:44 IST">
      <class name="restApiTest.APITest">
        <test-method status="PASS" signature="test()[pri:0, instance:restApiTest.APITest@4b4523f8]" name="test" duration-ms="2271" started-at="2020-08-09T16:08:42 IST" finished-at="2020-08-09T16:08:44 IST">
          <reporter-output>
          </reporter-output>
        </test-method> <!-- test -->
      </class> <!-- restApiTest.APITest -->
    </test> <!-- Default test -->
  </suite> <!-- Default suite -->
</testng-results>
