<?xml version="1.0" encoding="UTF-8"?>
<!-- Generated by org.testng.reporters.JUnitXMLReporter -->
<testsuite hostname="Rahul-PC" ignored="0" name="Command line test" tests="5" failures="0" timestamp="2020-08-09T22:16:59 IST" time="7.629" errors="0">
  <testcase name="deleteUser" time="2.105" classname="restApiTest.APITest"/>
  <testcase name="getRequestWithAuthorization" time="2.067" classname="restApiTest.APITest"/>
  <testcase name="validateCreateUser" time="1.134" classname="restApiTest.APITest"/>
  <testcase name="validateGetusersList" time="1.351" classname="restApiTest.APITest"/>
  <testcase name="validateUpdateUser" time="0.944" classname="restApiTest.APITest"/>
</testsuite> <!-- Command line test -->
